<?xml version="1.0" encoding="UTF-8"?>
<!-- Generated by org.testng.reporters.JUnitReportReporter -->
<testsuite skipped="0" hostname="PC-20180605JGRD" name="org.jiahuan.Case.Testaa" tests="1" failures="0" timestamp="04 七月 2019 02:05:17 GMT" time="0.034" errors="0">
  <testcase name="testName" time="0.034" classname="org.jiahuan.Case.Testaa"/>
</testsuite> <!-- org.jiahuan.Case.Testaa -->
