<?xml version="1.0" encoding="UTF-8"?>
<!-- Generated by org.testng.reporters.JUnitReportReporter -->
<testsuite skipped="0" hostname="PC-20180605JGRD" name="org.jiahuan.Case.HelloTest" tests="1" failures="0" timestamp="25 七月 2019 07:19:25 GMT" time="0.140" errors="0">
  <testcase name="testName" time="0.140" classname="org.jiahuan.Case.HelloTest"/>
</testsuite> <!-- org.jiahuan.Case.HelloTest -->
