<?xml version="1.0" encoding="UTF-8"?>
<!-- Generated by org.testng.reporters.JUnitReportReporter -->
<testsuite skipped="1" hostname="PC-20180605JGRD" name="org.jiahuan.tools.TestWrod" tests="2" failures="0" timestamp="05 七月 2019 03:30:49 GMT" time="6.853" errors="0">
  <testcase name="testName1" time="6.853" classname="org.jiahuan.tools.TestWrod"/>
  <testcase name="testName" classname="org.jiahuan.tools.TestWrod">
    <skipped/>
  </testcase> <!-- testName -->
</testsuite> <!-- org.jiahuan.tools.TestWrod -->
