<?xml version="1.0" encoding="UTF-8"?>
<!-- Generated by org.testng.reporters.JUnitReportReporter -->
<testsuite skipped="0" hostname="PC-20180605JGRD" name="org.jiahuan.Case.TestDemo" tests="2" failures="0" timestamp="05 七月 2019 07:02:19 GMT" time="25.715" errors="0">
  <testcase name="testLogin" time="13.920" classname="org.jiahuan.Case.TestDemo"/>
  <testcase name="testName" time="11.795" classname="org.jiahuan.Case.TestDemo"/>
</testsuite> <!-- org.jiahuan.Case.TestDemo -->
