<?xml version="1.0" encoding="UTF-8"?>
<!-- Generated by org.testng.reporters.JUnitReportReporter -->
<testsuite skipped="0" hostname="PC-20180605JGRD" name="org.jiahuan.Case.LoginTest" tests="1" failures="0" timestamp="18 七月 2019 08:30:21 GMT" time="21.724" errors="0">
  <testcase name="testLogin" time="21.724" classname="org.jiahuan.Case.LoginTest"/>
</testsuite> <!-- org.jiahuan.Case.LoginTest -->
