<?xml version="1.0" encoding="UTF-8"?>
<!-- Generated by org.testng.reporters.JUnitReportReporter -->
<testsuite skipped="0" hostname="PC-20180605JGRD" name="org.jiahuan.Case.HelloTest" tests="1" failures="0" timestamp="19 七月 2019 03:18:30 GMT" time="14.016" errors="0">
  <testcase name="testName" time="14.016" classname="org.jiahuan.Case.HelloTest"/>
</testsuite> <!-- org.jiahuan.Case.HelloTest -->
