<?xml version="1.0" encoding="UTF-8"?>
<!-- Generated by org.testng.reporters.JUnitReportReporter -->
<testsuite skipped="0" hostname="PC-20180605JGRD" name="org.jiahuan.tools.ToolsTest" tests="1" failures="0" timestamp="12 六月 2019 08:46:21 GMT" time="0.026" errors="0">
  <testcase name="testName" time="0.026" classname="org.jiahuan.tools.ToolsTest"/>
</testsuite> <!-- org.jiahuan.tools.ToolsTest -->
