<?xml version="1.0" encoding="UTF-8"?>
<!-- Generated by org.testng.reporters.JUnitReportReporter -->
<testsuite skipped="0" hostname="PC-20180605JGRD" name="org.jiahuan.Case.TestDemo" tests="2" failures="0" timestamp="04 七月 2019 02:15:12 GMT" time="43.233" errors="0">
  <testcase name="testName" time="21.581" classname="org.jiahuan.Case.TestDemo"/>
  <testcase name="testName" time="21.652" classname="org.jiahuan.Case.TestDemo"/>
</testsuite> <!-- org.jiahuan.Case.TestDemo -->
