<?xml version="1.0" encoding="UTF-8"?>
<!-- Generated by org.testng.reporters.JUnitReportReporter -->
<testsuite skipped="0" hostname="PC-20180605JGRD" name="org.jiahuan.Case.TestDemo" tests="4" failures="0" timestamp="17 六月 2019 03:57:07 GMT" time="66.208" errors="0">
  <testcase name="testName" time="16.273" classname="org.jiahuan.Case.TestDemo"/>
  <testcase name="testName" time="14.627" classname="org.jiahuan.Case.TestDemo"/>
  <testcase name="testName" time="14.478" classname="org.jiahuan.Case.TestDemo"/>
  <testcase name="testName" time="20.830" classname="org.jiahuan.Case.TestDemo"/>
</testsuite> <!-- org.jiahuan.Case.TestDemo -->
